2025-05-08 23:03:36,685 - semgrep.notifications - WARNING - METRICS: Using configs from the Registry (like --config=p/ci) reports pseudonymous rule metrics to semgrep.dev.
To disable Registry rule metrics, use "--metrics=off".
Using configs only from local files (like --config=xyz.yml) does not enable metrics.

More information: https://semgrep.dev/docs/metrics

2025-05-08 23:03:36,686 - semgrep.run_scan - DEBUG - semgrep version 1.2.0
2025-05-08 23:03:36,697 - semgrep.git - DEBUG - Failed to get project url from 'git ls-remote': Command failed with exit code: 128
-----
Command failed with output:
fatal: No remote configured to list refs from.


Failed to run 'git ls-remote --get-url'. Possible reasons:

- the git binary is not available
- the current working directory is not a git repository
- the baseline commit is not a parent of the current commit
    (if you are running through semgrep-app, check if you are setting `SEMGREP_BRANCH` or `SEMGREP_BASELINE_COMMIT` properly)
- the current working directory is not marked as safe
    (fix with `git config --global --add safe.directory $(pwd)`)

Try running the command yourself to debug the issue.
2025-05-08 23:03:36,698 - semgrep.config_resolver - DEBUG - Loading local config from /home/runner/workspace/.config/.semgrep/semgrep_rules.json
2025-05-08 23:03:36,700 - semgrep.config_resolver - DEBUG - Done loading local config from /home/runner/workspace/.config/.semgrep/semgrep_rules.json
2025-05-08 23:03:36,705 - semgrep.config_resolver - DEBUG - Saving rules to /tmp/semgrep-ktw_1vei.rules
2025-05-08 23:03:36,978 - semgrep.semgrep_core - DEBUG - Failed to open resource semgrep-core-proprietary: [Errno 2] No such file or directory: '/tmp/_MEI4jQbdj/semgrep/bin/semgrep-core-proprietary'.
2025-05-08 23:03:37,697 - semgrep.rule_lang - DEBUG - semgrep-core validation response: valid=True
2025-05-08 23:03:37,697 - semgrep.rule_lang - DEBUG - semgrep-core validation succeeded
2025-05-08 23:03:37,697 - semgrep.rule_lang - DEBUG - RPC validation succeeded
2025-05-08 23:03:37,697 - semgrep.config_resolver - DEBUG - loaded 1 configs in 0.9998581409454346
2025-05-08 23:03:37,912 - semgrep.run_scan - VERBOSE - running 1250 rules from 1 config /home/runner/workspace/.config/.semgrep/semgrep_rules.json_0
2025-05-08 23:03:37,912 - semgrep.run_scan - VERBOSE - No .semgrepignore found. Using default .semgrepignore rules. See the docs for the list of default ignores: https://semgrep.dev/docs/cli-usage/#ignore-files
2025-05-08 23:03:37,915 - semgrep.run_scan - VERBOSE - Rules:
2025-05-08 23:03:37,915 - semgrep.run_scan - VERBOSE - <SKIPPED DATA (too many entries; use --max-log-list-entries)>
2025-05-08 23:03:38,383 - semgrep.core_runner - DEBUG - Passing whole rules directly to semgrep_core
2025-05-08 23:03:38,590 - semgrep.core_runner - DEBUG - Running Semgrep engine with command:
2025-05-08 23:03:38,590 - semgrep.core_runner - DEBUG - /tmp/_MEI4jQbdj/semgrep/bin/opengrep-core -json -rules /tmp/tmpji9_7vrn.json -j 8 -targets /tmp/tmpmf_m56hs -timeout 5 -timeout_threshold 3 -max_memory 0 -fast
2025-05-08 23:03:41,966 - semgrep.core_runner - DEBUG - --- semgrep-core stderr ---
[00.08][[34mINFO[0m]: Executed as: /tmp/_MEI4jQbdj/semgrep/bin/opengrep-core -json -rules /tmp/tmpji9_7vrn.json -j 8 -targets /tmp/tmpmf_m56hs -timeout 5 -timeout_threshold 3 -max_memory 0 -fast
[00.08][[34mINFO[0m]: Version: 1.2.0
[00.08][[34mINFO[0m]: Parsing rules in /tmp/tmpji9_7vrn.json
[00.83][[34mINFO[0m]: scan: processing 318 files (skipping 0), with 487 rules (skipping 0 )
[03.33][[34mINFO[0m]: Custom ignore pattern: None
[03.33][[34mINFO[0m]: Custom ignore pattern: None
--- end semgrep-core stderr ---
2025-05-08 23:03:41,973 - semgrep.rule_match - DEBUG - match_key = ('', PosixPath('server/index.ts'), 'config..semgrep.vendored-rules.javascript.express.security.audit.express-session-hardcoded-secret') match_id = c7c2a6156dac660e7df9d1d51748199bbb24719cf38cb3481c96d6a1dafeff56d1b02179cb908ada36e30ba45565fd9270e153c2bdab6df21fcce09201050f93_0
2025-05-08 23:03:41,974 - semgrep.rule_match - DEBUG - match_key = ("app.use(session({...})) $SECRET = $VALUE\n...\napp.use(session($SECRET))\n secret: 'dreamy-tales-secret'\n session = require('express-session');\n...\n import session from 'express-session'\n...\n import * as session from 'express-session'\n...\n import {..., session, ...} from 'express-session'\n...\n", PosixPath('server/index.ts'), 'config..semgrep.vendored-rules.javascript.express.security.audit.express-session-hardcoded-secret') match_id = b44a314a623c107048746922314bd8680453e862841770d8f70c83fa2bbcf34bb89ff4036d6830bf3410f3af16f728c4e595d3ab77d12bccc2c3a4266b5b7aa5_0
2025-05-08 23:03:41,974 - semgrep.rule_match - DEBUG - match_key = ("app.use(session({...})) $SECRET = $VALUE\n...\napp.use(session($SECRET))\n secret: 'dreamy-tales-secret'\n session = require('express-session');\n...\n import session from 'express-session'\n...\n import * as session from 'express-session'\n...\n import {..., session, ...} from 'express-session'\n...\n", PosixPath('server/index.ts'), 'config..semgrep.vendored-rules.javascript.express.security.audit.express-session-hardcoded-secret') match_id = b44a314a623c107048746922314bd8680453e862841770d8f70c83fa2bbcf34bb89ff4036d6830bf3410f3af16f728c4e595d3ab77d12bccc2c3a4266b5b7aa5_0
2025-05-08 23:03:41,975 - semgrep.rule_match - DEBUG - match_key = ("app.use(session({...})) $SECRET = $VALUE\n...\napp.use(session($SECRET))\n secret: 'dreamy-tales-secret'\n session = require('express-session');\n...\n import session from 'express-session'\n...\n import * as session from 'express-session'\n...\n import {..., session, ...} from 'express-session'\n...\n", PosixPath('server/index.ts'), 'config..semgrep.vendored-rules.javascript.express.security.audit.express-session-hardcoded-secret') match_id = b44a314a623c107048746922314bd8680453e862841770d8f70c83fa2bbcf34bb89ff4036d6830bf3410f3af16f728c4e595d3ab77d12bccc2c3a4266b5b7aa5_0
2025-05-08 23:03:41,977 - semgrep.core_runner - DEBUG - semgrep ran in 0:00:03.594229 on 111 files
2025-05-08 23:03:41,979 - semgrep.core_runner - DEBUG - findings summary: 1 warning, 0 error, 0 info
2025-05-08 23:03:41,983 - semgrep.app.auth - DEBUG - Getting API token from settings file
2025-05-08 23:03:41,983 - semgrep.app.auth - DEBUG - No API token found in settings file
2025-05-08 23:03:41,983 - semgrep.semgrep_core - DEBUG - Failed to open resource semgrep-core-proprietary: [Errno 2] No such file or directory: '/tmp/_MEI4jQbdj/semgrep/bin/semgrep-core-proprietary'.
2025-05-08 23:03:42,104 - semgrep.output - VERBOSE - 
========================================
Files skipped:
========================================

  Always skipped by Opengrep:

   • <none>

  Skipped by .gitignore:
  (Disable by passing --no-git-ignore)

   • <all files not listed by `git ls-files` were skipped>

  Skipped by .semgrepignore:
  - https://semgrep.dev/docs/ignoring-files-folders-code/#understand-semgrep-defaults

   • <none>

  Skipped by --include patterns:

   • <none>

  Skipped by --exclude patterns:

   • <none>

  Files skipped due to insufficient read permissions:

   • <none>

  Skipped by limiting to files smaller than 1000000 bytes:
  (Adjust with the --max-target-bytes flag)

   • <none>

  Partially analyzed due to parsing or internal Opengrep errors

   • tailwind.config.ts (1 lines skipped)

2025-05-08 23:03:42,106 - semgrep.output - INFO - Some files were skipped or only partially analyzed.
  Scan was limited to files tracked by git.
  Partially scanned: 1 files only partially analyzed due to parsing or internal Opengrep errors

Ran 443 rules on 111 files: 1 finding.
2025-05-08 23:03:42,106 - semgrep.app.version - DEBUG - Version cache does not exist
2025-05-08 23:03:42,128 - semgrep.metrics - VERBOSE - Not sending pseudonymous metrics since metrics are configured to OFF and registry usage is False
